Command line:
   RAM_isim_beh.exe
     -simmode  gui
     -simrunnum  0
     -socket  40003

Tue Oct 15 16:20:44 2019


 Elaboration Time: 0.03 sec

 Current Memory Usage: 197.915 Meg

 Total Signals          : 7
 Total Nets             : 16418
 Total Signal Drivers   : 3
 Total Blocks           : 3
 Total Primitive Blocks : 3
 Total Processes        : 3
 Total Traceable Variables  : 13
 Total Scalar Nets and Variables : 16901
Total Line Count : 7

 Total Simulation Time: 0.05 sec

 Current Memory Usage: 273.416 Meg

Tue Oct 15 16:24:02 2019

