Command line:
   Carrefour_source_isim_beh.exe
     -simmode  gui
     -simrunnum  0
     -socket  55757

Tue Oct  8 15:28:27 2019


 Elaboration Time: 0.02 sec

 Current Memory Usage: 184.05 Meg

 Total Signals          : 10
 Total Nets             : 18
 Total Signal Drivers   : 6
 Total Blocks           : 4
 Total Primitive Blocks : 4
 Total Processes        : 1
 Total Traceable Variables  : 10
 Total Scalar Nets and Variables : 396
Total Line Count : 92
Total Line Count : 92

 Total Simulation Time: 0.31 sec

 Current Memory Usage: 259.551 Meg

Tue Oct  8 15:45:03 2019

