Release 14.7 - xst P.20131013 (lin64)
Copyright (c) 1995-2013 Xilinx, Inc.  All rights reserved.
--> 
Parameter TMPDIR set to xst/projnav.tmp


Total REAL time to Xst completion: 0.00 secs
Total CPU time to Xst completion: 0.03 secs
 
--> 
Parameter xsthdpdir set to xst


Total REAL time to Xst completion: 0.00 secs
Total CPU time to Xst completion: 0.03 secs
 
--> 
Reading design: Carrefour_source.prj

TABLE OF CONTENTS
  1) Synthesis Options Summary
  2) HDL Parsing
  3) HDL Elaboration
  4) HDL Synthesis
       4.1) HDL Synthesis Report
  5) Advanced HDL Synthesis
       5.1) Advanced HDL Synthesis Report
  6) Low Level Synthesis
  7) Partition Report
  8) Design Summary
       8.1) Primitive and Black Box Usage
       8.2) Device utilization summary
       8.3) Partition Resource Summary
       8.4) Timing Report
            8.4.1) Clock Information
            8.4.2) Asynchronous Control Signals Information
            8.4.3) Timing Summary
            8.4.4) Timing Details
            8.4.5) Cross Clock Domains Report


=========================================================================
*                      Synthesis Options Summary                        *
=========================================================================
---- Source Parameters
Input File Name                    : "Carrefour_source.prj"
Ignore Synthesis Constraint File   : NO

---- Target Parameters
Output File Name                   : "Carrefour_source"
Output Format                      : NGC
Target Device                      : xc6slx9-3-tqg144

---- Source Options
Top Module Name                    : Carrefour_source
Automatic FSM Extraction           : YES
FSM Encoding Algorithm             : Auto
Safe Implementation                : No
FSM Style                          : LUT
RAM Extraction                     : Yes
RAM Style                          : Auto
ROM Extraction                     : Yes
Shift Register Extraction          : YES
ROM Style                          : Auto
Resource Sharing                   : YES
Asynchronous To Synchronous        : NO
Shift Register Minimum Size        : 2
Use DSP Block                      : Auto
Automatic Register Balancing       : No

---- Target Options
LUT Combining                      : Auto
Reduce Control Sets                : Auto
Add IO Buffers                     : YES
Global Maximum Fanout              : 100000
Add Generic Clock Buffer(BUFG)     : 16
Register Duplication               : YES
Optimize Instantiated Primitives   : NO
Use Clock Enable                   : Auto
Use Synchronous Set                : Auto
Use Synchronous Reset              : Auto
Pack IO Registers into IOBs        : Auto
Equivalent register Removal        : YES

---- General Options
Optimization Goal                  : Speed
Optimization Effort                : 1
Power Reduction                    : NO
Keep Hierarchy                     : No
Netlist Hierarchy                  : As_Optimized
RTL Output                         : Yes
Global Optimization                : AllClockNets
Read Cores                         : YES
Write Timing Constraints           : NO
Cross Clock Analysis               : NO
Hierarchy Separator                : /
Bus Delimiter                      : <>
Case Specifier                     : Maintain
Slice Utilization Ratio            : 100
BRAM Utilization Ratio             : 100
DSP48 Utilization Ratio            : 100
Auto BRAM Packing                  : NO
Slice Utilization Ratio Delta      : 5

=========================================================================


=========================================================================
*                          HDL Parsing                                  *
=========================================================================
Parsing VHDL file "/home/peterpan/Desktop/Semester5/Module5.2/Circuits/travail/CircuitsNumeriquesTravail/Carrefour/Carrefour_source.vhd" into library work
Parsing entity <Carrefour_source>.
Parsing architecture <architect> of entity <carrefour_source>.

=========================================================================
*                            HDL Elaboration                            *
=========================================================================

Elaborating entity <Carrefour_source> (architecture <architect>) from library <work>.
INFO:HDLCompiler:679 - "/home/peterpan/Desktop/Semester5/Module5.2/Circuits/travail/CircuitsNumeriquesTravail/Carrefour/Carrefour_source.vhd" Line 146. Case statement is complete. others clause is never selected

=========================================================================
*                           HDL Synthesis                               *
=========================================================================

Synthesizing Unit <Carrefour_source>.
    Related source file is "/home/peterpan/Desktop/Semester5/Module5.2/Circuits/travail/CircuitsNumeriquesTravail/Carrefour/Carrefour_source.vhd".
    Found 3-bit register for signal <FPrA>.
    Found 3-bit register for signal <FPrB_A>.
    Found 3-bit register for signal <FPrB_G>.
    Found 3-bit register for signal <FSec>.
    Found 5-bit register for signal <cnt>.
    Found 4-bit register for signal <state>.
    Found finite state machine <FSM_0> for signal <state>.
    -----------------------------------------------------------------------
    | States             | 11                                             |
    | Transitions        | 20                                             |
    | Inputs             | 7                                              |
    | Outputs            | 12                                             |
    | Clock              | clk (rising_edge)                              |
    | Reset              | rst (positive)                                 |
    | Reset type         | asynchronous                                   |
    | Reset State        | 0001                                           |
    | Power Up State     | 0001                                           |
    | Encoding           | auto                                           |
    | Implementation     | LUT                                            |
    -----------------------------------------------------------------------
    Found 5-bit adder for signal <cnt[4]_GND_5_o_add_54_OUT> created at line 133.
    Summary:
	inferred   1 Adder/Subtractor(s).
	inferred  17 D-type flip-flop(s).
	inferred  84 Multiplexer(s).
	inferred   1 Finite State Machine(s).
Unit <Carrefour_source> synthesized.

=========================================================================
HDL Synthesis Report

Macro Statistics
# Adders/Subtractors                                   : 1
 5-bit adder                                           : 1
# Registers                                            : 5
 3-bit register                                        : 4
 5-bit register                                        : 1
# Multiplexers                                         : 84
 3-bit 2-to-1 multiplexer                              : 76
 5-bit 2-to-1 multiplexer                              : 8
# FSMs                                                 : 1

=========================================================================

=========================================================================
*                       Advanced HDL Synthesis                          *
=========================================================================


=========================================================================
Advanced HDL Synthesis Report

Macro Statistics
# Adders/Subtractors                                   : 1
 5-bit adder                                           : 1
# Registers                                            : 17
 Flip-Flops                                            : 17
# Multiplexers                                         : 84
 3-bit 2-to-1 multiplexer                              : 76
 5-bit 2-to-1 multiplexer                              : 8
# FSMs                                                 : 1

=========================================================================

=========================================================================
*                         Low Level Synthesis                           *
=========================================================================
Analyzing FSM <MFsm> for best encoding.
Optimizing FSM <FSM_0> on signal <state[1:4]> with user encoding.
-------------------
 State | Encoding
-------------------
 0001  | 0001
 0010  | 0010
 0011  | 0011
 0100  | 0100
 1001  | 1001
 0101  | 0101
 0110  | 0110
 1000  | 1000
 0111  | 0111
 1010  | 1010
 1011  | 1011
-------------------

Optimizing unit <Carrefour_source> ...
INFO:Xst:2261 - The FF/Latch <state_FSM_FFd2> in Unit <Carrefour_source> is equivalent to the following FF/Latch, which will be removed : <FPrB_A_3> 

Mapping all equations...
Building and optimizing final netlist ...
Found area constraint ratio of 100 (+ 5) on block Carrefour_source, actual ratio is 1.
FlipFlop cnt_1 has been replicated 1 time(s)

Final Macro Processing ...

=========================================================================
Final Register Report

Macro Statistics
# Registers                                            : 21
 Flip-Flops                                            : 21

=========================================================================

=========================================================================
*                           Partition Report                            *
=========================================================================

Partition Implementation Status
-------------------------------

  No Partitions were found in this design.

-------------------------------

=========================================================================
*                            Design Summary                             *
=========================================================================

Top Level Output File Name         : Carrefour_source.ngc

Primitive and Black Box Usage:
------------------------------
# BELS                             : 79
#      LUT2                        : 4
#      LUT3                        : 7
#      LUT4                        : 5
#      LUT5                        : 24
#      LUT6                        : 34
#      MUXF7                       : 5
# FlipFlops/Latches                : 21
#      FDC                         : 10
#      FDCE                        : 6
#      FDP                         : 5
# Clock Buffers                    : 1
#      BUFGP                       : 1
# IO Buffers                       : 15
#      IBUF                        : 3
#      OBUF                        : 12

Device utilization summary:
---------------------------

Selected Device : 6slx9tqg144-3 


Slice Logic Utilization: 
 Number of Slice Registers:              21  out of  11440     0%  
 Number of Slice LUTs:                   74  out of   5720     1%  
    Number used as Logic:                74  out of   5720     1%  

Slice Logic Distribution: 
 Number of LUT Flip Flop pairs used:     75
   Number with an unused Flip Flop:      54  out of     75    72%  
   Number with an unused LUT:             1  out of     75     1%  
   Number of fully used LUT-FF pairs:    20  out of     75    26%  
   Number of unique control sets:         2

IO Utilization: 
 Number of IOs:                          16
 Number of bonded IOBs:                  16  out of    102    15%  

Specific Feature Utilization:
 Number of BUFG/BUFGCTRLs:                1  out of     16     6%  

---------------------------
Partition Resource Summary:
---------------------------

  No Partitions were found in this design.

---------------------------


=========================================================================
Timing Report

NOTE: THESE TIMING NUMBERS ARE ONLY A SYNTHESIS ESTIMATE.
      FOR ACCURATE TIMING INFORMATION PLEASE REFER TO THE TRACE REPORT
      GENERATED AFTER PLACE-and-ROUTE.

Clock Information:
------------------
-----------------------------------+------------------------+-------+
Clock Signal                       | Clock buffer(FF name)  | Load  |
-----------------------------------+------------------------+-------+
clk                                | BUFGP                  | 21    |
-----------------------------------+------------------------+-------+

Asynchronous Control Signals Information:
----------------------------------------
No asynchronous control signals found in this design

Timing Summary:
---------------
Speed Grade: -3

   Minimum period: 3.972ns (Maximum Frequency: 251.737MHz)
   Minimum input arrival time before clock: 4.742ns
   Maximum output required time after clock: 4.508ns
   Maximum combinational path delay: No path found

Timing Details:
---------------
All values displayed in nanoseconds (ns)

=========================================================================
Timing constraint: Default period analysis for Clock 'clk'
  Clock period: 3.972ns (frequency: 251.737MHz)
  Total number of paths / destination ports: 554 / 27
-------------------------------------------------------------------------
Delay:               3.972ns (Levels of Logic = 3)
  Source:            cnt_4 (FF)
  Destination:       FSec_1 (FF)
  Source Clock:      clk rising
  Destination Clock: clk rising

  Data Path: cnt_4 to FSec_1
                                Gate     Net
    Cell:in->out      fanout   Delay   Delay  Logical Name (Net Name)
    ----------------------------------------  ------------
     FDCE:C->Q             9   0.447   1.077  cnt_4 (cnt_4)
     LUT4:I0->O           12   0.203   0.909  GND_5_o_cnt[4]_equal_1_o<4>11 (GND_5_o_cnt[4]_equal_1_o<4>1)
     LUT6:I5->O            1   0.205   0.827  Mmux_state[3]_X_5_o_wide_mux_73_OUT61 (Mmux_state[3]_X_5_o_wide_mux_73_OUT6)
     LUT6:I2->O            1   0.203   0.000  Mmux_state[3]_X_5_o_wide_mux_73_OUT64 (state[3]_X_5_o_wide_mux_73_OUT<2>)
     FDC:D                     0.102          FSec_1
    ----------------------------------------
    Total                      3.972ns (1.160ns logic, 2.812ns route)
                                       (29.2% logic, 70.8% route)

=========================================================================
Timing constraint: Default OFFSET IN BEFORE for Clock 'clk'
  Total number of paths / destination ports: 68 / 42
-------------------------------------------------------------------------
Offset:              4.742ns (Levels of Logic = 4)
  Source:            Det_B (PAD)
  Destination:       FPrB_A_1 (FF)
  Destination Clock: clk rising

  Data Path: Det_B to FPrB_A_1
                                Gate     Net
    Cell:in->out      fanout   Delay   Delay  Logical Name (Net Name)
    ----------------------------------------  ------------
     IBUF:I->O            13   1.222   1.037  Det_B_IBUF (Det_B_IBUF)
     LUT2:I0->O            1   0.203   0.808  n0004<4>1_SW0 (N31)
     LUT6:I3->O            5   0.205   0.962  Mmux_state[3]_X_5_o_wide_mux_70_OUT211 (Mmux_state[3]_X_5_o_wide_mux_70_OUT21)
     LUT5:I1->O            1   0.203   0.000  Mmux_state[3]_X_5_o_wide_mux_71_OUT63 (state[3]_X_5_o_wide_mux_71_OUT<2>)
     FDC:D                     0.102          FPrB_A_1
    ----------------------------------------
    Total                      4.742ns (1.935ns logic, 2.807ns route)
                                       (40.8% logic, 59.2% route)

=========================================================================
Timing constraint: Default OFFSET OUT AFTER for Clock 'clk'
  Total number of paths / destination ports: 12 / 12
-------------------------------------------------------------------------
Offset:              4.508ns (Levels of Logic = 1)
  Source:            state_FSM_FFd2 (FF)
  Destination:       FPrB_A<3> (PAD)
  Source Clock:      clk rising

  Data Path: state_FSM_FFd2 to FPrB_A<3>
                                Gate     Net
    Cell:in->out      fanout   Delay   Delay  Logical Name (Net Name)
    ----------------------------------------  ------------
     FDC:C->Q             46   0.447   1.490  state_FSM_FFd2 (state_FSM_FFd2)
     OBUF:I->O                 2.571          FPrB_A_3_OBUF (FPrB_A<3>)
    ----------------------------------------
    Total                      4.508ns (3.018ns logic, 1.490ns route)
                                       (66.9% logic, 33.1% route)

=========================================================================

Cross Clock Domains Report:
--------------------------

Clock to Setup on destination clock clk
---------------+---------+---------+---------+---------+
               | Src:Rise| Src:Fall| Src:Rise| Src:Fall|
Source Clock   |Dest:Rise|Dest:Rise|Dest:Fall|Dest:Fall|
---------------+---------+---------+---------+---------+
clk            |    3.972|         |         |         |
---------------+---------+---------+---------+---------+

=========================================================================


Total REAL time to Xst completion: 4.00 secs
Total CPU time to Xst completion: 4.10 secs
 
--> 


Total memory usage is 377812 kilobytes

Number of errors   :    0 (   0 filtered)
Number of warnings :    0 (   0 filtered)
Number of infos    :    1 (   0 filtered)

