Running: /opt/Xilinx/14.7/ISE_DS/ISE/bin/lin64/unwrapped/fuse -intstyle ise -incremental -lib secureip -o /home/peterpan/Desktop/Semester5/Module5.2/Circuits/travail/CircuitsNumeriquesTravail/Carrefour/Carrefour_source_isim_beh.exe -prj /home/peterpan/Desktop/Semester5/Module5.2/Circuits/travail/CircuitsNumeriquesTravail/Carrefour/Carrefour_source_beh.prj work.Carrefour_source 
ISim P.20131013 (signature 0xfbc00daa)
Number of CPUs detected in this system: 8
Turning on mult-threading, number of parallel sub-compilation jobs: 16 
Determining compilation order of HDL files
Parsing VHDL file "/home/peterpan/Desktop/Semester5/Module5.2/Circuits/travail/CircuitsNumeriquesTravail/Carrefour/Carrefour_source.vhd" into library work
Starting static elaboration
Completed static elaboration
Fuse Memory Usage: 84624 KB
Fuse CPU Usage: 1010 ms
Compiling package standard
Compiling package std_logic_1164
Compiling package std_logic_arith
Compiling package std_logic_unsigned
Compiling architecture architect of entity carrefour_source
Time Resolution for simulation is 1ps.
Waiting for 1 sub-compilation(s) to finish...
Compiled 5 VHDL Units
Built simulation executable /home/peterpan/Desktop/Semester5/Module5.2/Circuits/travail/CircuitsNumeriquesTravail/Carrefour/Carrefour_source_isim_beh.exe
Fuse Memory Usage: 1181636 KB
Fuse CPU Usage: 1060 ms
GCC CPU Usage: 1520 ms
